<?xml version="1.0" encoding="UTF-8"?>
<!-- Generated by org.testng.reporters.JUnitXMLReporter -->
<testsuite hostname="DESKTOP-42ER5TB" ignored="0" name="DependsOnTest" tests="3" failures="1" timestamp="09 Apr 2018 07:34:45 GMT" time="0.016" errors="0">
  <testcase name="login" time="0.001" classname="testNG_Concepts_For_Selenium_1.testNG.DependsOnTest"/>
  <testcase name="logout" time="0.004" classname="testNG_Concepts_For_Selenium_1.testNG.DependsOnTest">
    <failure type="java.lang.AssertionError" message="expected [true] but found [false]">
      <![CDATA[java.lang.AssertionError: expected [true] but found [false]
at testNG_Concepts_For_Selenium_1.testNG.DependsOnTest.logout(DependsOnTest.java:23)
... Removed 29 stack frames]]>
    </failure>
  </testcase> <!-- logout -->
  <testcase name="test2" time="0.0" classname="testNG_Concepts_For_Selenium_1.testNG.DependsOnTest">
    <skipped/>
  </testcase> <!-- test2 -->
</testsuite> <!-- DependsOnTest -->
